This file contains any messages produced by compilers while
running configure, to aid debugging if configure makes a mistake.

It was created by configure, which was
generated by GNU Autoconf 2.67.  Invocation command line was

  $ ./configure 

## --------- ##
## Platform. ##
## --------- ##

hostname = gawain
uname -m = x86_64
uname -r = 3.19.0-25-generic
uname -s = Linux
uname -v = #26-Ubuntu SMP Fri Jul 24 21:17:31 UTC 2015

/usr/bin/uname -p = unknown
/bin/uname -X     = unknown

/bin/arch              = unknown
/usr/bin/arch -k       = unknown
/usr/convex/getsysinfo = unknown
/usr/bin/hostinfo      = unknown
/bin/machine           = unknown
/usr/bin/oslevel       = unknown
/bin/universe          = unknown

PATH: /usr/local/texlive/2012/bin/x86_64-linux/
PATH: /home/ahincks/bin
PATH: /usr/local/texlive/2012/bin/x86_64-linux/
PATH: /usr/local/sbin
PATH: /usr/local/bin
PATH: /usr/sbin
PATH: /usr/bin
PATH: /sbin
PATH: /bin
PATH: /usr/games
PATH: /usr/local/games


## ----------- ##
## Core tests. ##
## ----------- ##

configure:2383: checking for python
configure:2401: found /usr/bin/python
configure:2413: result: /usr/bin/python
configure:2434: checking for python version
configure:2441: result: 2.7
configure:2453: checking for python platform
configure:2460: result: linux2
configure:2467: checking for python script directory
configure:2496: result: ${prefix}/lib/python2.7/dist-packages
configure:2505: checking for python extension module directory
configure:2534: result: ${exec_prefix}/lib/python2.7/dist-packages
configure:2628: checking for a BSD-compatible install
configure:2696: result: /usr/bin/install -c
configure:2707: checking whether build environment is sane
configure:2757: result: yes
configure:2898: checking for a thread-safe mkdir -p
configure:2937: result: /bin/mkdir -p
configure:2950: checking for gawk
configure:2966: found /usr/bin/gawk
configure:2977: result: gawk
configure:2988: checking whether make sets $(MAKE)
configure:3010: result: yes
configure:3130: checking for gcc
configure:3146: found /usr/bin/gcc
configure:3157: result: gcc
configure:3386: checking for C compiler version
configure:3395: gcc --version >&5
gcc (Ubuntu 4.9.2-10ubuntu13) 4.9.2
Copyright (C) 2014 Free Software Foundation, Inc.
This is free software; see the source for copying conditions.  There is NO
warranty; not even for MERCHANTABILITY or FITNESS FOR A PARTICULAR PURPOSE.

configure:3406: $? = 0
configure:3395: gcc -v >&5
Using built-in specs.
COLLECT_GCC=gcc
COLLECT_LTO_WRAPPER=/usr/lib/gcc/x86_64-linux-gnu/4.9/lto-wrapper
Target: x86_64-linux-gnu
Configured with: ../src/configure -v --with-pkgversion='Ubuntu 4.9.2-10ubuntu13' --with-bugurl=file:///usr/share/doc/gcc-4.9/README.Bugs --enable-languages=c,c++,java,go,d,fortran,objc,obj-c++ --prefix=/usr --program-suffix=-4.9 --enable-shared --enable-linker-build-id --libexecdir=/usr/lib --without-included-gettext --enable-threads=posix --with-gxx-include-dir=/usr/include/c++/4.9 --libdir=/usr/lib --enable-nls --with-sysroot=/ --enable-clocale=gnu --enable-libstdcxx-debug --enable-libstdcxx-time=yes --enable-gnu-unique-object --disable-vtable-verify --enable-plugin --with-system-zlib --disable-browser-plugin --enable-java-awt=gtk --enable-gtk-cairo --with-java-home=/usr/lib/jvm/java-1.5.0-gcj-4.9-amd64/jre --enable-java-home --with-jvm-root-dir=/usr/lib/jvm/java-1.5.0-gcj-4.9-amd64 --with-jvm-jar-dir=/usr/lib/jvm-exports/java-1.5.0-gcj-4.9-amd64 --with-arch-directory=amd64 --with-ecj-jar=/usr/share/java/eclipse-ecj.jar --enable-objc-gc --enable-multiarch --disable-werror --with-arch-32=i686 --with-abi=m64 --with-multilib-list=m32,m64,mx32 --enable-multilib --with-tune=generic --enable-checking=release --build=x86_64-linux-gnu --host=x86_64-linux-gnu --target=x86_64-linux-gnu
Thread model: posix
gcc version 4.9.2 (Ubuntu 4.9.2-10ubuntu13) 
configure:3406: $? = 0
configure:3395: gcc -V >&5
gcc: error: unrecognized command line option '-V'
gcc: fatal error: no input files
compilation terminated.
configure:3406: $? = 4
configure:3395: gcc -qversion >&5
gcc: error: unrecognized command line option '-qversion'
gcc: fatal error: no input files
compilation terminated.
configure:3406: $? = 4
configure:3426: checking whether the C compiler works
configure:3448: gcc    conftest.c  >&5
configure:3452: $? = 0
configure:3500: result: yes
configure:3503: checking for C compiler default output file name
configure:3505: result: a.out
configure:3511: checking for suffix of executables
configure:3518: gcc -o conftest    conftest.c  >&5
configure:3522: $? = 0
configure:3544: result: 
configure:3566: checking whether we are cross compiling
configure:3574: gcc -o conftest    conftest.c  >&5
configure:3578: $? = 0
configure:3585: ./conftest
configure:3589: $? = 0
configure:3604: result: no
configure:3609: checking for suffix of object files
configure:3631: gcc -c   conftest.c >&5
configure:3635: $? = 0
configure:3656: result: o
configure:3660: checking whether we are using the GNU C compiler
configure:3679: gcc -c   conftest.c >&5
configure:3679: $? = 0
configure:3688: result: yes
configure:3697: checking whether gcc accepts -g
configure:3717: gcc -c -g  conftest.c >&5
configure:3717: $? = 0
configure:3758: result: yes
configure:3775: checking for gcc option to accept ISO C89
configure:3839: gcc  -c -g -O2  conftest.c >&5
configure:3839: $? = 0
configure:3852: result: none needed
configure:3883: checking for style of include used by make
configure:3911: result: GNU
configure:3936: checking dependency style of gcc
configure:4046: result: gcc3
configure:4090: checking build system type
configure:4104: result: x86_64-unknown-linux-gnu
configure:4124: checking host system type
configure:4137: result: x86_64-unknown-linux-gnu
configure:4157: checking for a sed that does not truncate output
configure:4221: result: /bin/sed
configure:4239: checking for grep that handles long lines and -e
configure:4297: result: /bin/grep
configure:4302: checking for egrep
configure:4364: result: /bin/grep -E
configure:4369: checking for fgrep
configure:4431: result: /bin/grep -F
configure:4466: checking for ld used by gcc
configure:4533: result: /usr/bin/ld
configure:4540: checking if the linker (/usr/bin/ld) is GNU ld
configure:4555: result: yes
configure:4567: checking for BSD- or MS-compatible name lister (nm)
configure:4616: result: /usr/bin/nm -B
configure:4734: checking the name lister (/usr/bin/nm -B) interface
configure:4741: gcc -c -g -O2  conftest.c >&5
configure:4744: /usr/bin/nm -B "conftest.o"
configure:4747: output
0000000000000000 B some_variable
configure:4754: result: BSD nm
configure:4757: checking whether ln -s works
configure:4761: result: yes
configure:4769: checking the maximum length of command line arguments
configure:4889: result: 1572864
configure:4906: checking whether the shell understands some XSI constructs
configure:4916: result: yes
configure:4920: checking whether the shell understands "+="
configure:4926: result: yes
configure:4961: checking for /usr/bin/ld option to reload object files
configure:4968: result: -r
configure:5037: checking for objdump
configure:5053: found /usr/bin/objdump
configure:5064: result: objdump
configure:5096: checking how to recognize dependent libraries
configure:5292: result: pass_all
configure:5352: checking for ar
configure:5368: found /usr/bin/ar
configure:5379: result: ar
configure:5457: checking for strip
configure:5473: found /usr/bin/strip
configure:5484: result: strip
configure:5556: checking for ranlib
configure:5572: found /usr/bin/ranlib
configure:5583: result: ranlib
configure:5673: checking command to parse /usr/bin/nm -B output from gcc object
configure:5791: gcc -c -g -O2  conftest.c >&5
configure:5794: $? = 0
configure:5798: /usr/bin/nm -B conftest.o \| sed -n -e 's/^.*[	 ]\([ABCDGIRSTW][ABCDGIRSTW]*\)[	 ][	 ]*\([_A-Za-z][_A-Za-z0-9]*\)$/\1 \2 \2/p' \> conftest.nm
configure:5801: $? = 0
configure:5855: gcc -o conftest -g -O2   conftest.c conftstm.o >&5
configure:5858: $? = 0
configure:5896: result: ok
configure:5992: gcc -c -g -O2  conftest.c >&5
configure:5995: $? = 0
configure:6705: checking how to run the C preprocessor
configure:6736: gcc -E  conftest.c
configure:6736: $? = 0
configure:6750: gcc -E  conftest.c
conftest.c:13:28: fatal error: ac_nonexistent.h: No such file or directory
 #include <ac_nonexistent.h>
                            ^
compilation terminated.
configure:6750: $? = 1
configure: failed program was:
| /* confdefs.h */
| #define PACKAGE_NAME ""
| #define PACKAGE_TARNAME ""
| #define PACKAGE_VERSION ""
| #define PACKAGE_STRING ""
| #define PACKAGE_BUGREPORT ""
| #define PACKAGE_URL ""
| #define AE_MAJOR 2
| #define AE_MINOR 0
| #define AE_REVISION 0
| #define AE_VERSION_SUFFIX 0
| /* end confdefs.h.  */
| #include <ac_nonexistent.h>
configure:6775: result: gcc -E
configure:6795: gcc -E  conftest.c
configure:6795: $? = 0
configure:6809: gcc -E  conftest.c
conftest.c:13:28: fatal error: ac_nonexistent.h: No such file or directory
 #include <ac_nonexistent.h>
                            ^
compilation terminated.
configure:6809: $? = 1
configure: failed program was:
| /* confdefs.h */
| #define PACKAGE_NAME ""
| #define PACKAGE_TARNAME ""
| #define PACKAGE_VERSION ""
| #define PACKAGE_STRING ""
| #define PACKAGE_BUGREPORT ""
| #define PACKAGE_URL ""
| #define AE_MAJOR 2
| #define AE_MINOR 0
| #define AE_REVISION 0
| #define AE_VERSION_SUFFIX 0
| /* end confdefs.h.  */
| #include <ac_nonexistent.h>
configure:6838: checking for ANSI C header files
configure:6858: gcc -c -g -O2  conftest.c >&5
configure:6858: $? = 0
configure:6931: gcc -o conftest -g -O2   conftest.c  >&5
configure:6931: $? = 0
configure:6931: ./conftest
configure:6931: $? = 0
configure:6942: result: yes
configure:6955: checking for sys/types.h
configure:6955: gcc -c -g -O2  conftest.c >&5
configure:6955: $? = 0
configure:6955: result: yes
configure:6955: checking for sys/stat.h
configure:6955: gcc -c -g -O2  conftest.c >&5
configure:6955: $? = 0
configure:6955: result: yes
configure:6955: checking for stdlib.h
configure:6955: gcc -c -g -O2  conftest.c >&5
configure:6955: $? = 0
configure:6955: result: yes
configure:6955: checking for string.h
configure:6955: gcc -c -g -O2  conftest.c >&5
configure:6955: $? = 0
configure:6955: result: yes
configure:6955: checking for memory.h
configure:6955: gcc -c -g -O2  conftest.c >&5
configure:6955: $? = 0
configure:6955: result: yes
configure:6955: checking for strings.h
configure:6955: gcc -c -g -O2  conftest.c >&5
configure:6955: $? = 0
configure:6955: result: yes
configure:6955: checking for inttypes.h
configure:6955: gcc -c -g -O2  conftest.c >&5
configure:6955: $? = 0
configure:6955: result: yes
configure:6955: checking for stdint.h
configure:6955: gcc -c -g -O2  conftest.c >&5
configure:6955: $? = 0
configure:6955: result: yes
configure:6955: checking for unistd.h
configure:6955: gcc -c -g -O2  conftest.c >&5
configure:6955: $? = 0
configure:6955: result: yes
configure:6969: checking for dlfcn.h
configure:6969: gcc -c -g -O2  conftest.c >&5
configure:6969: $? = 0
configure:6969: result: yes
configure:7153: checking for objdir
configure:7168: result: .libs
configure:7464: checking if gcc supports -fno-rtti -fno-exceptions
configure:7482: gcc -c -g -O2  -fno-rtti -fno-exceptions conftest.c >&5
cc1: warning: command line option '-fno-rtti' is valid for C++/ObjC++ but not for C
configure:7486: $? = 0
configure:7499: result: no
configure:7519: checking for gcc option to produce PIC
configure:7791: result: -fPIC -DPIC
configure:7803: checking if gcc PIC flag -fPIC -DPIC works
configure:7821: gcc -c -g -O2  -fPIC -DPIC -DPIC conftest.c >&5
configure:7825: $? = 0
configure:7838: result: yes
configure:7862: checking if gcc static flag -static works
configure:7890: result: yes
configure:7905: checking if gcc supports -c -o file.o
configure:7926: gcc -c -g -O2  -o out/conftest2.o conftest.c >&5
configure:7930: $? = 0
configure:7952: result: yes
configure:7960: checking if gcc supports -c -o file.o
configure:8007: result: yes
configure:8040: checking whether the gcc linker (/usr/bin/ld -m elf_x86_64) supports shared libraries
configure:9031: result: yes
configure:9068: checking whether -lc should be explicitly linked in
configure:9073: gcc -c -g -O2  conftest.c >&5
configure:9076: $? = 0
configure:9091: gcc -shared conftest.o  -v -Wl,-soname -Wl,conftest -o conftest 2\>\&1 \| /bin/grep  -lc  \>/dev/null 2\>\&1
configure:9094: $? = 0
configure:9106: result: no
configure:9270: checking dynamic linker characteristics
configure:9703: gcc -o conftest -g -O2   -Wl,-rpath -Wl,/foo conftest.c  >&5
configure:9703: $? = 0
configure:9933: result: GNU/Linux ld.so
configure:10035: checking how to hardcode library paths into programs
configure:10060: result: immediate
configure:10580: checking whether stripping libraries is possible
configure:10585: result: yes
configure:10620: checking if libtool supports shared libraries
configure:10622: result: yes
configure:10625: checking whether to build shared libraries
configure:10646: result: yes
configure:10649: checking whether to build static libraries
configure:10653: result: yes
configure:10688: checking whether build environment is sane
configure:10738: result: yes
configure:10741: checking for ANSI C header files
configure:10845: result: yes
configure:10856: checking math.h usability
configure:10856: gcc -c -g -O2  conftest.c >&5
configure:10856: $? = 0
configure:10856: result: yes
configure:10856: checking math.h presence
configure:10856: gcc -E  conftest.c
configure:10856: $? = 0
configure:10856: result: yes
configure:10856: checking for math.h
configure:10856: result: yes
configure:10856: checking stdio.h usability
configure:10856: gcc -c -g -O2  conftest.c >&5
configure:10856: $? = 0
configure:10856: result: yes
configure:10856: checking stdio.h presence
configure:10856: gcc -E  conftest.c
configure:10856: $? = 0
configure:10856: result: yes
configure:10856: checking for stdio.h
configure:10856: result: yes
configure:10856: checking for stdlib.h
configure:10856: result: yes
configure:10856: checking time.h usability
configure:10856: gcc -c -g -O2  conftest.c >&5
configure:10856: $? = 0
configure:10856: result: yes
configure:10856: checking time.h presence
configure:10856: gcc -E  conftest.c
configure:10856: $? = 0
configure:10856: result: yes
configure:10856: checking for time.h
configure:10856: result: yes
configure:10856: checking ctype.h usability
configure:10856: gcc -c -g -O2  conftest.c >&5
configure:10856: $? = 0
configure:10856: result: yes
configure:10856: checking ctype.h presence
configure:10856: gcc -E  conftest.c
configure:10856: $? = 0
configure:10856: result: yes
configure:10856: checking for ctype.h
configure:10856: result: yes
configure:10856: checking for string.h
configure:10856: result: yes
configure:10869: checking for stdbool.h that conforms to C99
configure:10954: gcc -c -g -O2  conftest.c >&5
configure:10954: $? = 0
configure:10961: result: yes
configure:10963: checking for _Bool
configure:10963: gcc -c -g -O2  conftest.c >&5
configure:10963: $? = 0
configure:10963: gcc -c -g -O2  conftest.c >&5
conftest.c: In function 'main':
conftest.c:68:20: error: expected expression before ')' token
 if (sizeof ((_Bool)))
                    ^
configure:10963: $? = 1
configure: failed program was:
| /* confdefs.h */
| #define PACKAGE_NAME ""
| #define PACKAGE_TARNAME ""
| #define PACKAGE_VERSION ""
| #define PACKAGE_STRING ""
| #define PACKAGE_BUGREPORT ""
| #define PACKAGE_URL ""
| #define AE_MAJOR 2
| #define AE_MINOR 0
| #define AE_REVISION 0
| #define AE_VERSION_SUFFIX 0
| #define STDC_HEADERS 1
| #define HAVE_SYS_TYPES_H 1
| #define HAVE_SYS_STAT_H 1
| #define HAVE_STDLIB_H 1
| #define HAVE_STRING_H 1
| #define HAVE_MEMORY_H 1
| #define HAVE_STRINGS_H 1
| #define HAVE_INTTYPES_H 1
| #define HAVE_STDINT_H 1
| #define HAVE_UNISTD_H 1
| #define HAVE_DLFCN_H 1
| #define LT_OBJDIR ".libs/"
| #define STDC_HEADERS 1
| #define HAVE_MATH_H 1
| #define HAVE_STDIO_H 1
| #define HAVE_STDLIB_H 1
| #define HAVE_TIME_H 1
| #define HAVE_CTYPE_H 1
| #define HAVE_STRING_H 1
| /* end confdefs.h.  */
| #include <stdio.h>
| #ifdef HAVE_SYS_TYPES_H
| # include <sys/types.h>
| #endif
| #ifdef HAVE_SYS_STAT_H
| # include <sys/stat.h>
| #endif
| #ifdef STDC_HEADERS
| # include <stdlib.h>
| # include <stddef.h>
| #else
| # ifdef HAVE_STDLIB_H
| #  include <stdlib.h>
| # endif
| #endif
| #ifdef HAVE_STRING_H
| # if !defined STDC_HEADERS && defined HAVE_MEMORY_H
| #  include <memory.h>
| # endif
| # include <string.h>
| #endif
| #ifdef HAVE_STRINGS_H
| # include <strings.h>
| #endif
| #ifdef HAVE_INTTYPES_H
| # include <inttypes.h>
| #endif
| #ifdef HAVE_STDINT_H
| # include <stdint.h>
| #endif
| #ifdef HAVE_UNISTD_H
| # include <unistd.h>
| #endif
| int
| main ()
| {
| if (sizeof ((_Bool)))
| 	    return 0;
|   ;
|   return 0;
| }
configure:10963: result: yes
configure:10979: checking for an ANSI C-conforming const
configure:11044: gcc -c -g -O2  conftest.c >&5
configure:11044: $? = 0
configure:11051: result: yes
configure:11062: checking for stdlib.h
configure:11062: result: yes
configure:11072: checking for GNU libc compatible realloc
configure:11096: gcc -o conftest -g -O2   conftest.c  >&5
configure:11096: $? = 0
configure:11096: ./conftest
configure:11096: $? = 0
configure:11106: result: yes
configure:11127: checking whether lstat correctly handles trailing slash
configure:11153: gcc -o conftest -g -O2   conftest.c  >&5
configure:11153: $? = 0
configure:11153: ./conftest
configure:11153: $? = 0
configure:11170: result: yes
configure:11189: checking whether stat accepts an empty string
configure:11209: gcc -o conftest -g -O2   conftest.c  >&5
configure:11209: $? = 0
configure:11209: ./conftest
configure:11209: $? = 0
configure:11219: result: no
configure:11273: checking whether to include python bindings
configure:11276: checking for gcc option to accept ISO C99
configure:11425: gcc  -c -g -O2  conftest.c >&5
conftest.c:87:29: error: expected ';', ',' or ')' before 'text'
 test_restrict (ccp restrict text)
                             ^
conftest.c: In function 'main':
conftest.c:141:18: error: expected '=', ',', ';', 'asm' or '__attribute__' before 'newvar'
   char *restrict newvar = "Another string";
                  ^
conftest.c:141:18: error: 'newvar' undeclared (first use in this function)
conftest.c:141:18: note: each undeclared identifier is reported only once for each function it appears in
conftest.c:151:3: error: 'for' loop initial declarations are only allowed in C99 or C11 mode
   for (int i = 0; i < ia->datasize; ++i)
   ^
conftest.c:151:3: note: use option -std=c99, -std=gnu99, -std=c11 or -std=gnu11 to compile your code
configure:11425: $? = 1
configure: failed program was:
| /* confdefs.h */
| #define PACKAGE_NAME ""
| #define PACKAGE_TARNAME ""
| #define PACKAGE_VERSION ""
| #define PACKAGE_STRING ""
| #define PACKAGE_BUGREPORT ""
| #define PACKAGE_URL ""
| #define AE_MAJOR 2
| #define AE_MINOR 0
| #define AE_REVISION 0
| #define AE_VERSION_SUFFIX 0
| #define STDC_HEADERS 1
| #define HAVE_SYS_TYPES_H 1
| #define HAVE_SYS_STAT_H 1
| #define HAVE_STDLIB_H 1
| #define HAVE_STRING_H 1
| #define HAVE_MEMORY_H 1
| #define HAVE_STRINGS_H 1
| #define HAVE_INTTYPES_H 1
| #define HAVE_STDINT_H 1
| #define HAVE_UNISTD_H 1
| #define HAVE_DLFCN_H 1
| #define LT_OBJDIR ".libs/"
| #define STDC_HEADERS 1
| #define HAVE_MATH_H 1
| #define HAVE_STDIO_H 1
| #define HAVE_STDLIB_H 1
| #define HAVE_TIME_H 1
| #define HAVE_CTYPE_H 1
| #define HAVE_STRING_H 1
| #define HAVE__BOOL 1
| #define HAVE_STDBOOL_H 1
| #define HAVE_STDLIB_H 1
| #define HAVE_REALLOC 1
| #define LSTAT_FOLLOWS_SLASHED_SYMLINK 1
| /* end confdefs.h.  */
| #include <stdarg.h>
| #include <stdbool.h>
| #include <stdlib.h>
| #include <wchar.h>
| #include <stdio.h>
| 
| // Check varargs macros.  These examples are taken from C99 6.10.3.5.
| #define debug(...) fprintf (stderr, __VA_ARGS__)
| #define showlist(...) puts (#__VA_ARGS__)
| #define report(test,...) ((test) ? puts (#test) : printf (__VA_ARGS__))
| static void
| test_varargs_macros (void)
| {
|   int x = 1234;
|   int y = 5678;
|   debug ("Flag");
|   debug ("X = %d\n", x);
|   showlist (The first, second, and third items.);
|   report (x>y, "x is %d but y is %d", x, y);
| }
| 
| // Check long long types.
| #define BIG64 18446744073709551615ull
| #define BIG32 4294967295ul
| #define BIG_OK (BIG64 / BIG32 == 4294967297ull && BIG64 % BIG32 == 0)
| #if !BIG_OK
|   your preprocessor is broken;
| #endif
| #if BIG_OK
| #else
|   your preprocessor is broken;
| #endif
| static long long int bignum = -9223372036854775807LL;
| static unsigned long long int ubignum = BIG64;
| 
| struct incomplete_array
| {
|   int datasize;
|   double data[];
| };
| 
| struct named_init {
|   int number;
|   const wchar_t *name;
|   double average;
| };
| 
| typedef const char *ccp;
| 
| static inline int
| test_restrict (ccp restrict text)
| {
|   // See if C++-style comments work.
|   // Iterate through items via the restricted pointer.
|   // Also check for declarations in for loops.
|   for (unsigned int i = 0; *(text+i) != '\0'; ++i)
|     continue;
|   return 0;
| }
| 
| // Check varargs and va_copy.
| static void
| test_varargs (const char *format, ...)
| {
|   va_list args;
|   va_start (args, format);
|   va_list args_copy;
|   va_copy (args_copy, args);
| 
|   const char *str;
|   int number;
|   float fnumber;
| 
|   while (*format)
|     {
|       switch (*format++)
| 	{
| 	case 's': // string
| 	  str = va_arg (args_copy, const char *);
| 	  break;
| 	case 'd': // int
| 	  number = va_arg (args_copy, int);
| 	  break;
| 	case 'f': // float
| 	  fnumber = va_arg (args_copy, double);
| 	  break;
| 	default:
| 	  break;
| 	}
|     }
|   va_end (args_copy);
|   va_end (args);
| }
| 
| int
| main ()
| {
| 
|   // Check bool.
|   _Bool success = false;
| 
|   // Check restrict.
|   if (test_restrict ("String literal") == 0)
|     success = true;
|   char *restrict newvar = "Another string";
| 
|   // Check varargs.
|   test_varargs ("s, d' f .", "string", 65, 34.234);
|   test_varargs_macros ();
| 
|   // Check flexible array members.
|   struct incomplete_array *ia =
|     malloc (sizeof (struct incomplete_array) + (sizeof (double) * 10));
|   ia->datasize = 10;
|   for (int i = 0; i < ia->datasize; ++i)
|     ia->data[i] = i * 1.234;
| 
|   // Check named initializers.
|   struct named_init ni = {
|     .number = 34,
|     .name = L"Test wide string",
|     .average = 543.34343,
|   };
| 
|   ni.number = 58;
| 
|   int dynamic_array[ni.number];
|   dynamic_array[ni.number - 1] = 543;
| 
|   // work around unused variable warnings
|   return (!success || bignum == 0LL || ubignum == 0uLL || newvar[0] == 'x'
| 	  || dynamic_array[ni.number - 1] != 543);
| 
|   ;
|   return 0;
| }
configure:11425: gcc -std=gnu99 -c -g -O2  conftest.c >&5
configure:11425: $? = 0
configure:11445: result: -std=gnu99
configure:11458: result: yes
configure:11474: checking for seq
configure:11490: found /usr/bin/seq
configure:11501: result: seq
configure:11567: checking for python version >= 2.3
configure:11587: /usr/bin/python -c import sys # split strings by '.' and convert to numeric. Append some zeros # because we need at least 4 digits for the hex conversion. # map returns an iterator in Python 3.0 and a list in 2.x minver = list(map(int, '2.3'.split('.'))) + [0, 0, 0] minverhex = 0 # xrange is not present in Python 3.0 and range returns an iterator for i in list(range(0, 4)): minverhex = (minverhex << 8) + minver[i] sys.exit(sys.hexversion < minverhex)
configure:11590: $? = 0
configure:11600: result: /usr/bin/python
configure:11635: checking /usr/bin/python version
configure:11638: result: 2.7
configure:11672: checking python includes
configure:11674: result: -I/usr/include/python2.7 -I/usr/include/x86_64-linux-gnu/python2.7
configure:11677: checking python libraries
configure:11679: result:  -L/usr/lib/python2.7/config-x86_64-linux-gnu -L/usr/lib -lpython2.7 -lpthread -ldl  -lutil -lm  -Xlinker -export-dynamic -Wl,-O1 -Wl,-Bsymbolic-functions    -lpython2.7
configure:11687: checking Python.h usability
configure:11687: gcc -std=gnu99 -c -g -O2  -I/usr/include/python2.7 -I/usr/include/x86_64-linux-gnu/python2.7 conftest.c >&5
configure:11687: $? = 0
configure:11687: result: yes
configure:11687: checking Python.h presence
configure:11687: gcc -E  -I/usr/include/python2.7 -I/usr/include/x86_64-linux-gnu/python2.7 conftest.c
configure:11687: $? = 0
configure:11687: result: yes
configure:11687: checking for Python.h
configure:11687: result: yes
configure:11707: checking python extension module directory
configure:11716: result: /usr/local/lib/python2.7/dist-packages
configure:11724: checking if we can compile a simple python extension module
configure:11744: gcc -std=gnu99 -o conftest -g -O2  -I/usr/include/python2.7 -I/usr/include/x86_64-linux-gnu/python2.7  conftest.c   -L/usr/lib/python2.7/config-x86_64-linux-gnu -L/usr/lib -lpython2.7 -lpthread -ldl  -lutil -lm  -Xlinker -export-dynamic -Wl,-O1 -Wl,-Bsymbolic-functions    -lpython2.7 >&5
configure:11744: $? = 0
configure:11745: result: yes
configure:11898: creating ./config.status

## ---------------------- ##
## Running config.status. ##
## ---------------------- ##

This file was extended by config.status, which was
generated by GNU Autoconf 2.67.  Invocation command line was

  CONFIG_FILES    = 
  CONFIG_HEADERS  = 
  CONFIG_LINKS    = 
  CONFIG_COMMANDS = 
  $ ./config.status 

on gawain

config.status:1106: creating Makefile
config.status:1106: creating src/Makefile
config.status:1106: creating demo/Makefile
config.status:1106: creating bindings/Makefile
config.status:1106: creating bindings/python/Makefile
config.status:1106: creating src/config.h
config.status:1286: src/config.h is unchanged
config.status:1334: executing depfiles commands
config.status:1334: executing libtool commands

## ---------------- ##
## Cache variables. ##
## ---------------- ##

ac_cv_build=x86_64-unknown-linux-gnu
ac_cv_c_compiler_gnu=yes
ac_cv_c_const=yes
ac_cv_env_CC_set=
ac_cv_env_CC_value=
ac_cv_env_CFLAGS_set=
ac_cv_env_CFLAGS_value=
ac_cv_env_CPPFLAGS_set=
ac_cv_env_CPPFLAGS_value=
ac_cv_env_CPP_set=
ac_cv_env_CPP_value=
ac_cv_env_LDFLAGS_set=
ac_cv_env_LDFLAGS_value=
ac_cv_env_LIBS_set=
ac_cv_env_LIBS_value=
ac_cv_env_build_alias_set=
ac_cv_env_build_alias_value=
ac_cv_env_host_alias_set=
ac_cv_env_host_alias_value=
ac_cv_env_target_alias_set=
ac_cv_env_target_alias_value=
ac_cv_func_lstat_dereferences_slashed_symlink=yes
ac_cv_func_realloc_0_nonnull=yes
ac_cv_func_stat_empty_string_bug=no
ac_cv_header_Python_h=yes
ac_cv_header_ctype_h=yes
ac_cv_header_dlfcn_h=yes
ac_cv_header_inttypes_h=yes
ac_cv_header_math_h=yes
ac_cv_header_memory_h=yes
ac_cv_header_stdbool_h=yes
ac_cv_header_stdc=yes
ac_cv_header_stdint_h=yes
ac_cv_header_stdio_h=yes
ac_cv_header_stdlib_h=yes
ac_cv_header_string_h=yes
ac_cv_header_strings_h=yes
ac_cv_header_sys_stat_h=yes
ac_cv_header_sys_types_h=yes
ac_cv_header_time_h=yes
ac_cv_header_unistd_h=yes
ac_cv_host=x86_64-unknown-linux-gnu
ac_cv_objext=o
ac_cv_path_EGREP='/bin/grep -E'
ac_cv_path_FGREP='/bin/grep -F'
ac_cv_path_GREP=/bin/grep
ac_cv_path_PYTHON=/usr/bin/python
ac_cv_path_SED=/bin/sed
ac_cv_path_install='/usr/bin/install -c'
ac_cv_path_mkdir=/bin/mkdir
ac_cv_prog_AWK=gawk
ac_cv_prog_CPP='gcc -E'
ac_cv_prog_SEQ=seq
ac_cv_prog_ac_ct_AR=ar
ac_cv_prog_ac_ct_CC=gcc
ac_cv_prog_ac_ct_OBJDUMP=objdump
ac_cv_prog_ac_ct_RANLIB=ranlib
ac_cv_prog_ac_ct_STRIP=strip
ac_cv_prog_cc_c89=
ac_cv_prog_cc_c99=-std=gnu99
ac_cv_prog_cc_g=yes
ac_cv_prog_make_make_set=yes
ac_cv_type__Bool=yes
am_cv_CC_dependencies_compiler_type=gcc3
am_cv_python_platform=linux2
am_cv_python_pyexecdir='${exec_prefix}/lib/python2.7/dist-packages'
am_cv_python_pythondir='${prefix}/lib/python2.7/dist-packages'
am_cv_python_version=2.7
lt_cv_deplibs_check_method=pass_all
lt_cv_file_magic_cmd='$MAGIC_CMD'
lt_cv_file_magic_test_file=
lt_cv_ld_reload_flag=-r
lt_cv_nm_interface='BSD nm'
lt_cv_objdir=.libs
lt_cv_path_LD=/usr/bin/ld
lt_cv_path_NM='/usr/bin/nm -B'
lt_cv_prog_compiler_c_o=yes
lt_cv_prog_compiler_pic_works=yes
lt_cv_prog_compiler_rtti_exceptions=no
lt_cv_prog_compiler_static_works=yes
lt_cv_prog_gnu_ld=yes
lt_cv_sys_global_symbol_pipe='sed -n -e '\''s/^.*[	 ]\([ABCDGIRSTW][ABCDGIRSTW]*\)[	 ][	 ]*\([_A-Za-z][_A-Za-z0-9]*\)$/\1 \2 \2/p'\'''
lt_cv_sys_global_symbol_to_c_name_address='sed -n -e '\''s/^: \([^ ]*\) $/  {\"\1\", (void *) 0},/p'\'' -e '\''s/^[ABCDGIRSTW]* \([^ ]*\) \([^ ]*\)$/  {"\2", (void *) \&\2},/p'\'''
lt_cv_sys_global_symbol_to_c_name_address_lib_prefix='sed -n -e '\''s/^: \([^ ]*\) $/  {\"\1\", (void *) 0},/p'\'' -e '\''s/^[ABCDGIRSTW]* \([^ ]*\) \(lib[^ ]*\)$/  {"\2", (void *) \&\2},/p'\'' -e '\''s/^[ABCDGIRSTW]* \([^ ]*\) \([^ ]*\)$/  {"lib\2", (void *) \&\2},/p'\'''
lt_cv_sys_global_symbol_to_cdecl='sed -n -e '\''s/^T .* \(.*\)$/extern int \1();/p'\'' -e '\''s/^[ABCDGIRSTW]* .* \(.*\)$/extern char \1;/p'\'''
lt_cv_sys_max_cmd_len=1572864

## ----------------- ##
## Output variables. ##
## ----------------- ##

ACLOCAL='${SHELL} /home/ahincks/code/aephem/missing --run aclocal-1.11'
AEPHEM_NAME='aephem'
AEPHEM_RELEASE='canopus'
AEPHEM_VERSION='2:0:0'
AMDEPBACKSLASH='\'
AMDEP_FALSE='#'
AMDEP_TRUE=''
AMTAR='${SHELL} /home/ahincks/code/aephem/missing --run tar'
AR='ar'
AUTOCONF='${SHELL} /home/ahincks/code/aephem/missing --run autoconf'
AUTOHEADER='${SHELL} /home/ahincks/code/aephem/missing --run autoheader'
AUTOMAKE='${SHELL} /home/ahincks/code/aephem/missing --run automake-1.11'
AWK='gawk'
CC='gcc -std=gnu99'
CCDEPMODE='depmode=gcc3'
CFLAGS='-g -O2'
CPP='gcc -E'
CPPFLAGS=''
CYGPATH_W='echo'
DEFS='-DHAVE_CONFIG_H'
DEPDIR='.deps'
DSYMUTIL=''
DUMPBIN=''
ECHO_C=''
ECHO_N='-n'
ECHO_T=''
EGREP='/bin/grep -E'
EXEEXT=''
FGREP='/bin/grep -F'
GREP='/bin/grep'
INSTALL_DATA='${INSTALL} -m 644'
INSTALL_PROGRAM='${INSTALL}'
INSTALL_SCRIPT='${INSTALL}'
INSTALL_STRIP_PROGRAM='$(install_sh) -c -s'
JOT=''
LD='/usr/bin/ld -m elf_x86_64'
LDFLAGS=''
LIBOBJS=''
LIBS=''
LIBTOOL='$(SHELL) $(top_builddir)/libtool'
LIPO=''
LN_S='ln -s'
LTLIBOBJS=''
MAKEINFO='${SHELL} /home/ahincks/code/aephem/missing --run makeinfo'
MAKE_PYBINDINGS_FALSE='#'
MAKE_PYBINDINGS_TRUE=''
MKDIR_P='/bin/mkdir -p'
NM='/usr/bin/nm -B'
NMEDIT=''
OBJDUMP='objdump'
OBJEXT='o'
OTOOL64=''
OTOOL=''
PACKAGE='aephem'
PACKAGE_BUGREPORT=''
PACKAGE_NAME=''
PACKAGE_STRING=''
PACKAGE_TARNAME=''
PACKAGE_URL=''
PACKAGE_VERSION=''
PATH_SEPARATOR=':'
PYTHON='/usr/bin/python'
PYTHON_CPPFLAGS='-I/usr/include/python2.7 -I/usr/include/x86_64-linux-gnu/python2.7'
PYTHON_EXEC_PREFIX='${exec_prefix}'
PYTHON_LIBS=' -L/usr/lib/python2.7/config-x86_64-linux-gnu -L/usr/lib -lpython2.7 -lpthread -ldl  -lutil -lm  -Xlinker -export-dynamic -Wl,-O1 -Wl,-Bsymbolic-functions    -lpython2.7'
PYTHON_PLATFORM='linux2'
PYTHON_PREFIX='${prefix}'
PYTHON_VERSION='2.7'
RANLIB='ranlib'
SED='/bin/sed'
SEQ='seq'
SET_MAKE=''
SHELL='/bin/bash'
STRIP='strip'
VERSION='2:0:0'
ac_ct_CC='gcc'
ac_ct_DUMPBIN=''
am__EXEEXT_FALSE=''
am__EXEEXT_TRUE='#'
am__fastdepCC_FALSE='#'
am__fastdepCC_TRUE=''
am__include='include'
am__isrc=''
am__leading_dot='.'
am__quote=''
am__tar='${AMTAR} chof - "$$tardir"'
am__untar='${AMTAR} xf -'
bindir='${exec_prefix}/bin'
build='x86_64-unknown-linux-gnu'
build_alias=''
build_cpu='x86_64'
build_os='linux-gnu'
build_vendor='unknown'
datadir='${datarootdir}'
datarootdir='${prefix}/share'
docdir='${datarootdir}/doc/${PACKAGE}'
dvidir='${docdir}'
exec_prefix='${prefix}'
host='x86_64-unknown-linux-gnu'
host_alias=''
host_cpu='x86_64'
host_os='linux-gnu'
host_vendor='unknown'
htmldir='${docdir}'
includedir='${prefix}/include'
infodir='${datarootdir}/info'
install_sh='${SHELL} /home/ahincks/code/aephem/install-sh'
libdir='${exec_prefix}/lib'
libexecdir='${exec_prefix}/libexec'
localedir='${datarootdir}/locale'
localstatedir='${prefix}/var'
lt_ECHO='echo'
mandir='${datarootdir}/man'
mkdir_p='/bin/mkdir -p'
oldincludedir='/usr/include'
pdfdir='${docdir}'
pkgpyexecdir='${pyexecdir}/'
pkgpythondir='${pythondir}/'
prefix='/usr/local'
program_transform_name='s,x,x,'
psdir='${docdir}'
pyexecdir='${exec_prefix}/lib/python2.7/dist-packages'
pythondir='/usr/local/lib/python2.7/dist-packages'
sbindir='${exec_prefix}/sbin'
sharedstatedir='${prefix}/com'
sysconfdir='${prefix}/etc'
target_alias=''

## ----------- ##
## confdefs.h. ##
## ----------- ##

/* confdefs.h */
#define PACKAGE_NAME ""
#define PACKAGE_TARNAME ""
#define PACKAGE_VERSION ""
#define PACKAGE_STRING ""
#define PACKAGE_BUGREPORT ""
#define PACKAGE_URL ""
#define AE_MAJOR 2
#define AE_MINOR 0
#define AE_REVISION 0
#define AE_VERSION_SUFFIX 0
#define STDC_HEADERS 1
#define HAVE_SYS_TYPES_H 1
#define HAVE_SYS_STAT_H 1
#define HAVE_STDLIB_H 1
#define HAVE_STRING_H 1
#define HAVE_MEMORY_H 1
#define HAVE_STRINGS_H 1
#define HAVE_INTTYPES_H 1
#define HAVE_STDINT_H 1
#define HAVE_UNISTD_H 1
#define HAVE_DLFCN_H 1
#define LT_OBJDIR ".libs/"
#define STDC_HEADERS 1
#define HAVE_MATH_H 1
#define HAVE_STDIO_H 1
#define HAVE_STDLIB_H 1
#define HAVE_TIME_H 1
#define HAVE_CTYPE_H 1
#define HAVE_STRING_H 1
#define HAVE__BOOL 1
#define HAVE_STDBOOL_H 1
#define HAVE_STDLIB_H 1
#define HAVE_REALLOC 1
#define LSTAT_FOLLOWS_SLASHED_SYMLINK 1
#define HAVE_PYTHON_H 1

configure: exit 0
